\BOOKMARK [1][-]{section.1}{\376\377\004\027\004\060\004\107\004\065\004\074\000?}{}% 1
\BOOKMARK [1][-]{section.2}{\376\377\004\037\004\076\004\073\004\070\004\102\004\070\004\072\004\060\000\040\004\107\004\102\004\065\004\075\004\070\004\117}{}% 2
\BOOKMARK [2][-]{subsection.2.1}{\376\377\000L\000o\000o\000k\000-\000a\000s\000i\000d\000e}{section.2}% 3
\BOOKMARK [2][-]{subsection.2.2}{\376\377\000L\000o\000o\000k\000-\000t\000h\000r\000o\000u\000g\000h}{section.2}% 4
\BOOKMARK [1][-]{section.3}{\376\377\004\037\004\076\004\073\004\070\004\102\004\070\004\072\004\060\000\040\004\067\004\060\004\077\004\070\004\101\004\070}{}% 5
\BOOKMARK [2][-]{subsection.3.1}{\376\377\004\037\004\100\004\070\000\040\000c\000a\000c\000h\000e\000-\000h\000i\000t}{section.3}% 6
\BOOKMARK [3][-]{subsubsection.3.1.1}{\376\377\000W\000r\000i\000t\000e\000-\000t\000h\000r\000o\000u\000g\000h}{subsection.3.1}% 7
\BOOKMARK [3][-]{subsubsection.3.1.2}{\376\377\000W\000r\000i\000t\000e\000-\000b\000a\000c\000k}{subsection.3.1}% 8
\BOOKMARK [2][-]{subsection.3.2}{\376\377\004\037\004\100\004\070\000\040\000c\000a\000c\000h\000e\000-\000m\000i\000s\000s}{section.3}% 9
\BOOKMARK [3][-]{subsubsection.3.2.1}{\376\377\000W\000r\000i\000t\000e\000\040\000a\000l\000l\000o\000c\000a\000t\000e\000\040\004\070\004\073\004\070\000\040\000f\000e\000t\000c\000h\000\040\000o\000n\000\040\000w\000r\000i\000t\000e}{subsection.3.2}% 10
\BOOKMARK [3][-]{subsubsection.3.2.2}{\376\377\000N\000o\000-\000w\000r\000i\000t\000e\000\040\000a\000l\000l\000o\000c\000a\000t\000e\000\040\004\070\004\073\004\070\000\040\000w\000r\000i\000t\000e\000\040\000a\000r\000o\000u\000n\000d}{subsection.3.2}% 11
\BOOKMARK [2][-]{subsection.3.3}{\376\377\004\043\004\100\004\076\004\062\004\075\004\070\000\040\004\072\004\115\004\110\004\060}{section.3}% 12
\BOOKMARK [2][-]{subsection.3.4}{\376\377\004\025\004\111\004\121\000\040\004\077\004\100\004\076\000\040\004\072\004\115\004\110}{section.3}% 13
\BOOKMARK [1][-]{section.4}{\376\377\004\032\004\115\004\110\004\070\004\100\004\076\004\062\004\060\004\075\004\070\004\065\000\040\004\064\004\060\004\075\004\075\004\113\004\105}{}% 14
\BOOKMARK [1][-]{section.5}{\376\377\004\037\004\076\004\073\004\070\004\102\004\070\004\072\004\060\000\040\004\072\004\115\004\110\004\070\004\100\004\076\004\062\004\060\004\075\004\070\004\117}{}% 15
\BOOKMARK [2][-]{subsection.5.1}{\376\377\004\037\004\076\004\073\004\075\004\060\004\117\000\040\004\060\004\101\004\101\004\076\004\106\004\070\004\060\004\102\004\070\004\062\004\075\004\076\004\101\004\102\004\114}{section.5}% 16
\BOOKMARK [2][-]{subsection.5.2}{\376\377\000D\000i\000r\000e\000c\000t\000-\000m\000a\000p\000p\000i\000n\000g}{section.5}% 17
\BOOKMARK [2][-]{subsection.5.3}{\376\377\004\023\004\100\004\103\004\077\004\077\004\076\004\062\004\060\004\117\000\040\004\060\004\101\004\101\004\076\004\106\004\070\004\060\004\102\004\070\004\062\004\075\004\076\004\101\004\102\004\114}{section.5}% 18
\BOOKMARK [1][-]{section.6}{\376\377\004\032\004\076\004\063\004\064\004\060\000\040\004\072\004\115\004\110\000\040\004\077\004\076\004\073\004\065\004\067\004\065\004\075\000?}{}% 19
\BOOKMARK [1][-]{section.7}{\376\377\004\032\004\115\004\110\000\040\004\101\000\040\004\102\004\076\004\107\004\072\004\070\000\040\004\067\004\100\004\065\004\075\004\070\004\117\000\040\004\077\004\100\004\076\004\063\004\100\004\060\004\074\004\074\004\070\004\101\004\102\004\060}{}% 20
